<?xml version="1.0" encoding="UTF-8"?>
<!-- Generated by org.testng.reporters.JUnitXMLReporter -->
<testsuite ignored="1" hostname="Jose" failures="0" tests="8" name="Default test" time="40.209" errors="0" timestamp="2022-06-18T15:29:56 IST">
  <testcase classname="com.swagLabTest.SwaglabTest" name="getMethods" time="0.673"/>
  <testcase classname="com.swagLabTest.SwaglabTest" name="navigationCommands" time="9.958"/>
  <testcase classname="com.swagLabTest.SwaglabTest" name="checkMouseAction" time="2.732"/>
  <testcase classname="com.swagLabTest.SwaglabTest" name="testDragDrop" time="0.539"/>
  <testcase classname="com.swagLabTest.SwaglabTest" name="testdropSourceToTarget" time="0.855"/>
  <testcase classname="com.swagLabTest.SwaglabTest" name="testSendKeys" time="1.023"/>
  <testcase classname="com.swagLabTest.SwaglabTest" name="testclearAndsendkeys" time="0.72"/>
  <testcase classname="com.swagLabTest.SwaglabTest" name="testAlert" time="2.964"/>
  <testcase classname="com.swagLabTest.SwaglabTest" name="navigateCloseQuitCOMMAND" time="0.0">
    <ignored/>
  </testcase> <!-- navigateCloseQuitCOMMAND -->
</testsuite> <!-- Default test -->
